/*C3*/SET SCHEMA PUBLIC
alter table Users drop constraint FK_5xjsddouoij1ewm9xc36mkl05
drop table Posts if exists
drop table Users if exists
create table Posts (ID bigint generated by default as identity (start with 1), POST_DATE varbinary(255) not null, TEXT varchar(255) not null, userId varchar(255), primary key (ID))
create table Users (ID varchar(255) not null, EMAIL varchar(255) not null, FULLNAME varchar(255) not null, PASSWORD varchar(255) not null, PICTURE varchar(255), USERNAME varchar(255) not null, LIKERS bigint, primary key (ID))
alter table Users add constraint FK_5xjsddouoij1ewm9xc36mkl05 foreign key (LIKERS) references Posts
INSERT INTO USERS VALUES('6ae71ee0-eb32-4282-996f-cad02abe9da2','kiss','kiss','$2a$10$d3fOfQzm1v5gGxQ7FVHi9equ7pNBUjbA28LfgwfCuJctgXqNSYCx2',NULL,'kiss',NULL)
COMMIT
/*C4*/SET SCHEMA PUBLIC
alter table Users drop constraint FK_5xjsddouoij1ewm9xc36mkl05
drop table Posts if exists
drop table Users if exists
create table Posts (ID bigint generated by default as identity (start with 1), POST_DATE varbinary(255) not null, TEXT varchar(255) not null, userId varchar(255), primary key (ID))
create table Users (ID varchar(255) not null, EMAIL varchar(255) not null, FULLNAME varchar(255) not null, PASSWORD varchar(255) not null, PICTURE varchar(255), USERNAME varchar(255) not null, LIKERS bigint, primary key (ID))
alter table Users add constraint FK_5xjsddouoij1ewm9xc36mkl05 foreign key (LIKERS) references Posts
/*C3*/INSERT INTO USERS VALUES('011122bd-80aa-4be1-8597-18308b9a5921','asd','asd','$2a$10$Ft3BImX6b8P3kNRLeBNw8O0xRmuEGF/rNyTkyA0XKrU2/ZhAa7rpO',NULL,'asd',NULL)
COMMIT
INSERT INTO USERS VALUES('3eb814d7-5950-4d08-9505-d90fe4dd5966','111','111','$2a$10$6sXXxFoNsEJqvdpPZpNTc.L03v.h.QP4ZD4lCXSQUU4lI2TSH6WxO',NULL,'111',NULL)
COMMIT
