/*C6*/SET SCHEMA PUBLIC
alter table Posts drop constraint FK_ot49g7aiq1tdma1bvt2yc4140
alter table Users drop constraint FK_5xjsddouoij1ewm9xc36mkl05
drop table Posts if exists
drop table Users if exists
create table Posts (ID bigint generated by default as identity (start with 1), POST_DATE varbinary(255) not null, TEXT varchar(255) not null, USER_ENTITY varchar(255) not null, primary key (ID))
create table Users (ID varchar(255) not null, EMAIL varchar(255) not null, FULLNAME varchar(255) not null, PASSWORD varchar(255) not null, USERNAME varchar(255) not null, LIKERS bigint, primary key (ID))
alter table Posts add constraint FK_ot49g7aiq1tdma1bvt2yc4140 foreign key (USER_ENTITY) references Users
alter table Users add constraint FK_5xjsddouoij1ewm9xc36mkl05 foreign key (LIKERS) references Posts
INSERT INTO USERS VALUES('0eaf9a3a-a318-4200-82e9-a140e20fceff','teszt_auth_1','teszt_auth_1','$2a$10$MebIOhSmcQCSknxJzm5o0uzYMEy6yFnIzF25aHq9WQSPzeN68uUpa','teszt_auth_1',NULL)
COMMIT
/*C7*/SET SCHEMA PUBLIC
alter table Posts drop constraint FK_ot49g7aiq1tdma1bvt2yc4140
alter table Users drop constraint FK_5xjsddouoij1ewm9xc36mkl05
drop table Posts if exists
drop table Users if exists
create table Posts (ID bigint generated by default as identity (start with 1), POST_DATE varbinary(255) not null, TEXT varchar(255) not null, USER_ENTITY varchar(255) not null, primary key (ID))
create table Users (ID varchar(255) not null, EMAIL varchar(255) not null, FULLNAME varchar(255) not null, PASSWORD varchar(255) not null, USERNAME varchar(255) not null, LIKERS bigint, primary key (ID))
alter table Posts add constraint FK_ot49g7aiq1tdma1bvt2yc4140 foreign key (USER_ENTITY) references Users
alter table Users add constraint FK_5xjsddouoij1ewm9xc36mkl05 foreign key (LIKERS) references Posts
INSERT INTO USERS VALUES('9fca7567-9e96-4328-83f4-dbc537830ee5','teszt_auth_1','teszt_auth_1','$2a$10$eDFjdzUaZPzJqI.6Rv.CaeW.9wH.rrBzS4mP1J9Rrg/X4EgeaXJHS','teszt_auth_1',NULL)
COMMIT
/*C8*/SET SCHEMA PUBLIC
alter table Posts drop constraint FK_ot49g7aiq1tdma1bvt2yc4140
alter table Users drop constraint FK_5xjsddouoij1ewm9xc36mkl05
drop table Posts if exists
drop table Users if exists
create table Posts (ID bigint generated by default as identity (start with 1), POST_DATE varbinary(255) not null, TEXT varchar(255) not null, USER_ENTITY varchar(255) not null, primary key (ID))
create table Users (ID varchar(255) not null, EMAIL varchar(255) not null, FULLNAME varchar(255) not null, PASSWORD varchar(255) not null, USERNAME varchar(255) not null, LIKERS bigint, primary key (ID))
alter table Posts add constraint FK_ot49g7aiq1tdma1bvt2yc4140 foreign key (USER_ENTITY) references Users
alter table Users add constraint FK_5xjsddouoij1ewm9xc36mkl05 foreign key (LIKERS) references Posts
INSERT INTO USERS VALUES('cc486923-990e-4500-8ab8-4f6e9c9ed39d','teszt_auth_2','teszt_auth_2','$2a$10$gowuBJzyiqfiKl/RiQ0ijO18wt1rQ6j5qzAeW/pbUlV2ND0BefLHK','teszt_auth_2',NULL)
COMMIT
/*C9*/SET SCHEMA PUBLIC
alter table Posts drop constraint FK_ot49g7aiq1tdma1bvt2yc4140
alter table Users drop constraint FK_5xjsddouoij1ewm9xc36mkl05
drop table Posts if exists
drop table Users if exists
create table Posts (ID bigint generated by default as identity (start with 1), POST_DATE varbinary(255) not null, TEXT varchar(255) not null, USER_ENTITY varchar(255) not null, primary key (ID))
create table Users (ID varchar(255) not null, EMAIL varchar(255) not null, FULLNAME varchar(255) not null, PASSWORD varchar(255) not null, USERNAME varchar(255) not null, LIKERS bigint, primary key (ID))
alter table Posts add constraint FK_ot49g7aiq1tdma1bvt2yc4140 foreign key (USER_ENTITY) references Users
alter table Users add constraint FK_5xjsddouoij1ewm9xc36mkl05 foreign key (LIKERS) references Posts
INSERT INTO USERS VALUES('8fa5d8a2-3122-44ed-b760-22930f6f95bc','teszt_auth_2','teszt_auth_2','$2a$10$tgysWNiKb0gKB4gmcFD3Z.Z3QmpEUX.lKS88PFr.8p6fHdJQXVJve','teszt_auth_2',NULL)
COMMIT
/*C10*/SET SCHEMA PUBLIC
alter table Posts drop constraint FK_ot49g7aiq1tdma1bvt2yc4140
alter table Users drop constraint FK_5xjsddouoij1ewm9xc36mkl05
drop table Posts if exists
drop table Users if exists
create table Posts (ID bigint generated by default as identity (start with 1), POST_DATE varbinary(255) not null, TEXT varchar(255) not null, USER_ENTITY varchar(255) not null, primary key (ID))
create table Users (ID varchar(255) not null, EMAIL varchar(255) not null, FULLNAME varchar(255) not null, PASSWORD varchar(255) not null, USERNAME varchar(255) not null, LIKERS bigint, primary key (ID))
alter table Posts add constraint FK_ot49g7aiq1tdma1bvt2yc4140 foreign key (USER_ENTITY) references Users
alter table Users add constraint FK_5xjsddouoij1ewm9xc36mkl05 foreign key (LIKERS) references Posts
INSERT INTO USERS VALUES('1bfabe02-fb2f-4f08-963f-28affaf5f631','teszt_auth_2','teszt_auth_2','$2a$10$NBgO9XIezzCH9mt2CT2bAuKS/lEsRsPwYwkdwjR52KNqB1SpzVKfq','teszt_auth_2',NULL)
COMMIT
